#! /c/Source/iverilog-install/bin/vvp
:ivl_version "12.0 (devel)" "(s20150603-1539-g2693dd32b)";
:ivl_delay_selection "TYPICAL";
:vpi_time_precision - 12;
:vpi_module "C:\iverilog\lib\ivl\system.vpi";
:vpi_module "C:\iverilog\lib\ivl\vhdl_sys.vpi";
:vpi_module "C:\iverilog\lib\ivl\vhdl_textio.vpi";
:vpi_module "C:\iverilog\lib\ivl\v2005_math.vpi";
:vpi_module "C:\iverilog\lib\ivl\va_math.vpi";
S_000001e0b07449a0 .scope module, "tb_mips_single_cycle" "tb_mips_single_cycle" 2 3;
 .timescale -9 -12;
v000001e0b07b84c0_0 .var "clk", 0 0;
v000001e0b07b8ce0_0 .var "reset", 0 0;
S_000001e0b0744b30 .scope module, "uut" "mips_single_cycle" 2 8, 3 1 0, S_000001e0b07449a0;
 .timescale 0 0;
    .port_info 0 /INPUT 1 "clk";
    .port_info 1 /INPUT 1 "reset";
L_000001e0b07579b0 .functor AND 1, L_000001e0b07b81a0, L_000001e0b07b77a0, C4<1>, C4<1>;
L_000001e0b07576a0 .functor BUFZ 32, L_000001e0b07b72a0, C4<00000000000000000000000000000000>, C4<00000000000000000000000000000000>, C4<00000000000000000000000000000000>;
L_000001e0b0757be0 .functor BUFZ 32, L_000001e0b07b7de0, C4<00000000000000000000000000000000>, C4<00000000000000000000000000000000>, C4<00000000000000000000000000000000>;
L_000001e0b0757c50 .functor BUFZ 32, L_000001e0b07b7480, C4<00000000000000000000000000000000>, C4<00000000000000000000000000000000>, C4<00000000000000000000000000000000>;
L_000001e0b0757a20 .functor BUFZ 32, L_000001e0b07b7980, C4<00000000000000000000000000000000>, C4<00000000000000000000000000000000>, C4<00000000000000000000000000000000>;
L_000001e0b0757ef0 .functor OR 1, L_000001e0b07c94a0, L_000001e0b07c9720, C4<0>, C4<0>;
L_000001e0b0820088 .functor BUFT 1, C4<00000000000000000000000000000100>, C4<0>, C4<0>, C4<0>;
v000001e0b0748880_0 .net/2u *"_ivl_0", 31 0, L_000001e0b0820088;  1 drivers
L_000001e0b08203e8 .functor BUFT 1, C4<100011>, C4<0>, C4<0>, C4<0>;
v000001e0b07482e0_0 .net/2u *"_ivl_100", 5 0, L_000001e0b08203e8;  1 drivers
v000001e0b0748b00_0 .net *"_ivl_105", 5 0, L_000001e0b07b8240;  1 drivers
L_000001e0b0820430 .functor BUFT 1, C4<101011>, C4<0>, C4<0>, C4<0>;
v000001e0b0748f60_0 .net/2u *"_ivl_106", 5 0, L_000001e0b0820430;  1 drivers
v000001e0b0748380_0 .net *"_ivl_111", 5 0, L_000001e0b07c9b80;  1 drivers
L_000001e0b0820478 .functor BUFT 1, C4<000000>, C4<0>, C4<0>, C4<0>;
v000001e0b0748ba0_0 .net/2u *"_ivl_112", 5 0, L_000001e0b0820478;  1 drivers
v000001e0b0749c80_0 .net *"_ivl_117", 5 0, L_000001e0b07ca260;  1 drivers
L_000001e0b08204c0 .functor BUFT 1, C4<000000>, C4<0>, C4<0>, C4<0>;
v000001e0b07b3520_0 .net/2u *"_ivl_118", 5 0, L_000001e0b08204c0;  1 drivers
v000001e0b07b3c00_0 .net *"_ivl_120", 0 0, L_000001e0b07c94a0;  1 drivers
v000001e0b07b3d40_0 .net *"_ivl_123", 5 0, L_000001e0b07c9f40;  1 drivers
L_000001e0b0820508 .functor BUFT 1, C4<100011>, C4<0>, C4<0>, C4<0>;
v000001e0b07b2ee0_0 .net/2u *"_ivl_124", 5 0, L_000001e0b0820508;  1 drivers
v000001e0b07b3200_0 .net *"_ivl_126", 0 0, L_000001e0b07c9720;  1 drivers
v000001e0b07b2bc0_0 .net *"_ivl_13", 3 0, L_000001e0b07b8a60;  1 drivers
v000001e0b07b29e0_0 .net *"_ivl_131", 5 0, L_000001e0b07c97c0;  1 drivers
L_000001e0b0820550 .functor BUFT 1, C4<000000>, C4<0>, C4<0>, C4<0>;
v000001e0b07b3e80_0 .net/2u *"_ivl_132", 5 0, L_000001e0b0820550;  1 drivers
v000001e0b07b2300_0 .net *"_ivl_134", 0 0, L_000001e0b07ca9e0;  1 drivers
L_000001e0b0820598 .functor BUFT 1, C4<10>, C4<0>, C4<0>, C4<0>;
v000001e0b07b2620_0 .net/2u *"_ivl_136", 1 0, L_000001e0b0820598;  1 drivers
v000001e0b07b2080_0 .net *"_ivl_139", 5 0, L_000001e0b07c9ea0;  1 drivers
L_000001e0b08205e0 .functor BUFT 1, C4<000100>, C4<0>, C4<0>, C4<0>;
v000001e0b07b35c0_0 .net/2u *"_ivl_140", 5 0, L_000001e0b08205e0;  1 drivers
v000001e0b07b30c0_0 .net *"_ivl_142", 0 0, L_000001e0b07c9fe0;  1 drivers
L_000001e0b0820628 .functor BUFT 1, C4<01>, C4<0>, C4<0>, C4<0>;
v000001e0b07b3f20_0 .net/2u *"_ivl_144", 1 0, L_000001e0b0820628;  1 drivers
L_000001e0b0820670 .functor BUFT 1, C4<00>, C4<0>, C4<0>, C4<0>;
v000001e0b07b2f80_0 .net/2u *"_ivl_146", 1 0, L_000001e0b0820670;  1 drivers
v000001e0b07b3ca0_0 .net *"_ivl_148", 1 0, L_000001e0b07cabc0;  1 drivers
v000001e0b07b32a0_0 .net *"_ivl_15", 25 0, L_000001e0b07b8560;  1 drivers
L_000001e0b08206b8 .functor BUFT 1, C4<00>, C4<0>, C4<0>, C4<0>;
v000001e0b07b2760_0 .net/2u *"_ivl_152", 1 0, L_000001e0b08206b8;  1 drivers
v000001e0b07b3de0_0 .net *"_ivl_154", 0 0, L_000001e0b07c9860;  1 drivers
L_000001e0b0820700 .functor BUFT 1, C4<0000>, C4<0>, C4<0>, C4<0>;
v000001e0b07b2120_0 .net/2u *"_ivl_156", 3 0, L_000001e0b0820700;  1 drivers
L_000001e0b0820748 .functor BUFT 1, C4<01>, C4<0>, C4<0>, C4<0>;
v000001e0b07b2440_0 .net/2u *"_ivl_158", 1 0, L_000001e0b0820748;  1 drivers
L_000001e0b0820118 .functor BUFT 1, C4<00>, C4<0>, C4<0>, C4<0>;
v000001e0b07b2c60_0 .net/2u *"_ivl_16", 1 0, L_000001e0b0820118;  1 drivers
v000001e0b07b21c0_0 .net *"_ivl_160", 0 0, L_000001e0b07c9cc0;  1 drivers
L_000001e0b0820790 .functor BUFT 1, C4<0001>, C4<0>, C4<0>, C4<0>;
v000001e0b07b2800_0 .net/2u *"_ivl_162", 3 0, L_000001e0b0820790;  1 drivers
v000001e0b07b28a0_0 .net *"_ivl_165", 5 0, L_000001e0b07c9c20;  1 drivers
L_000001e0b08207d8 .functor BUFT 1, C4<100000>, C4<0>, C4<0>, C4<0>;
v000001e0b07b2260_0 .net/2u *"_ivl_166", 5 0, L_000001e0b08207d8;  1 drivers
v000001e0b07b3160_0 .net *"_ivl_168", 0 0, L_000001e0b07cab20;  1 drivers
L_000001e0b0820820 .functor BUFT 1, C4<0000>, C4<0>, C4<0>, C4<0>;
v000001e0b07b2a80_0 .net/2u *"_ivl_170", 3 0, L_000001e0b0820820;  1 drivers
v000001e0b07b2b20_0 .net *"_ivl_173", 5 0, L_000001e0b07cad00;  1 drivers
L_000001e0b0820868 .functor BUFT 1, C4<100010>, C4<0>, C4<0>, C4<0>;
v000001e0b07b2d00_0 .net/2u *"_ivl_174", 5 0, L_000001e0b0820868;  1 drivers
v000001e0b07b3020_0 .net *"_ivl_176", 0 0, L_000001e0b07c9900;  1 drivers
L_000001e0b08208b0 .functor BUFT 1, C4<0001>, C4<0>, C4<0>, C4<0>;
v000001e0b07b24e0_0 .net/2u *"_ivl_178", 3 0, L_000001e0b08208b0;  1 drivers
v000001e0b07b3340_0 .net *"_ivl_181", 5 0, L_000001e0b07cada0;  1 drivers
L_000001e0b08208f8 .functor BUFT 1, C4<100100>, C4<0>, C4<0>, C4<0>;
v000001e0b07b26c0_0 .net/2u *"_ivl_182", 5 0, L_000001e0b08208f8;  1 drivers
v000001e0b07b2580_0 .net *"_ivl_184", 0 0, L_000001e0b07cae40;  1 drivers
L_000001e0b0820940 .functor BUFT 1, C4<0010>, C4<0>, C4<0>, C4<0>;
v000001e0b07b33e0_0 .net/2u *"_ivl_186", 3 0, L_000001e0b0820940;  1 drivers
v000001e0b07b23a0_0 .net *"_ivl_189", 5 0, L_000001e0b07c9220;  1 drivers
L_000001e0b0820988 .functor BUFT 1, C4<100101>, C4<0>, C4<0>, C4<0>;
v000001e0b07b3480_0 .net/2u *"_ivl_190", 5 0, L_000001e0b0820988;  1 drivers
v000001e0b07b3980_0 .net *"_ivl_192", 0 0, L_000001e0b07c9ae0;  1 drivers
L_000001e0b08209d0 .functor BUFT 1, C4<0011>, C4<0>, C4<0>, C4<0>;
v000001e0b07b2940_0 .net/2u *"_ivl_194", 3 0, L_000001e0b08209d0;  1 drivers
v000001e0b07b3ac0_0 .net *"_ivl_197", 5 0, L_000001e0b07ca800;  1 drivers
L_000001e0b0820a18 .functor BUFT 1, C4<101010>, C4<0>, C4<0>, C4<0>;
v000001e0b07b2da0_0 .net/2u *"_ivl_198", 5 0, L_000001e0b0820a18;  1 drivers
v000001e0b07b2e40_0 .net *"_ivl_20", 0 0, L_000001e0b07579b0;  1 drivers
v000001e0b07b3660_0 .net *"_ivl_200", 0 0, L_000001e0b07c92c0;  1 drivers
L_000001e0b0820a60 .functor BUFT 1, C4<0100>, C4<0>, C4<0>, C4<0>;
v000001e0b07b3700_0 .net/2u *"_ivl_202", 3 0, L_000001e0b0820a60;  1 drivers
L_000001e0b0820aa8 .functor BUFT 1, C4<0000>, C4<0>, C4<0>, C4<0>;
v000001e0b07b37a0_0 .net/2u *"_ivl_204", 3 0, L_000001e0b0820aa8;  1 drivers
v000001e0b07b3840_0 .net *"_ivl_206", 3 0, L_000001e0b07ca8a0;  1 drivers
v000001e0b07b38e0_0 .net *"_ivl_208", 3 0, L_000001e0b07c9360;  1 drivers
v000001e0b07b3a20_0 .net *"_ivl_210", 3 0, L_000001e0b07caee0;  1 drivers
v000001e0b07b3b60_0 .net *"_ivl_212", 3 0, L_000001e0b07c99a0;  1 drivers
v000001e0b07b4a90_0 .net *"_ivl_214", 3 0, L_000001e0b07c9680;  1 drivers
v000001e0b07b5210_0 .net *"_ivl_216", 3 0, L_000001e0b07c95e0;  1 drivers
v000001e0b07b5530_0 .net *"_ivl_22", 31 0, L_000001e0b07b7840;  1 drivers
v000001e0b07b4310_0 .net *"_ivl_221", 0 0, L_000001e0b07c90e0;  1 drivers
v000001e0b07b5e90_0 .net *"_ivl_222", 15 0, L_000001e0b07c9a40;  1 drivers
v000001e0b07b5a30_0 .net *"_ivl_225", 15 0, L_000001e0b07c9d60;  1 drivers
v000001e0b07b55d0_0 .net *"_ivl_26", 31 0, L_000001e0b07b72a0;  1 drivers
v000001e0b07b43b0_0 .net *"_ivl_28", 31 0, L_000001e0b07b7a20;  1 drivers
v000001e0b07b5670_0 .net *"_ivl_30", 29 0, L_000001e0b07b7340;  1 drivers
L_000001e0b0820160 .functor BUFT 1, C4<00>, C4<0>, C4<0>, C4<0>;
v000001e0b07b50d0_0 .net *"_ivl_32", 1 0, L_000001e0b0820160;  1 drivers
v000001e0b07b4810_0 .net *"_ivl_38", 31 0, L_000001e0b07b7de0;  1 drivers
v000001e0b07b4270_0 .net *"_ivl_4", 31 0, L_000001e0b07b8ec0;  1 drivers
v000001e0b07b4950_0 .net *"_ivl_41", 4 0, L_000001e0b07b78e0;  1 drivers
v000001e0b07b5490_0 .net *"_ivl_42", 6 0, L_000001e0b07b73e0;  1 drivers
L_000001e0b08201a8 .functor BUFT 1, C4<00>, C4<0>, C4<0>, C4<0>;
v000001e0b07b52b0_0 .net *"_ivl_45", 1 0, L_000001e0b08201a8;  1 drivers
v000001e0b07b48b0_0 .net *"_ivl_48", 31 0, L_000001e0b07b7480;  1 drivers
v000001e0b07b4b30_0 .net *"_ivl_51", 4 0, L_000001e0b07b7520;  1 drivers
v000001e0b07b4450_0 .net *"_ivl_52", 6 0, L_000001e0b07b8380;  1 drivers
L_000001e0b08201f0 .functor BUFT 1, C4<00>, C4<0>, C4<0>, C4<0>;
v000001e0b07b49f0_0 .net *"_ivl_55", 1 0, L_000001e0b08201f0;  1 drivers
v000001e0b07b4590_0 .net *"_ivl_6", 29 0, L_000001e0b07b8100;  1 drivers
L_000001e0b0820238 .functor BUFT 1, C4<00000000000000000000000000000000>, C4<0>, C4<0>, C4<0>;
v000001e0b07b5030_0 .net/2u *"_ivl_60", 31 0, L_000001e0b0820238;  1 drivers
v000001e0b07b5710_0 .net *"_ivl_64", 31 0, L_000001e0b07b7980;  1 drivers
v000001e0b07b5c10_0 .net *"_ivl_66", 31 0, L_000001e0b07b7e80;  1 drivers
v000001e0b07b5b70_0 .net *"_ivl_68", 29 0, L_000001e0b07b7ac0;  1 drivers
L_000001e0b0820280 .functor BUFT 1, C4<00>, C4<0>, C4<0>, C4<0>;
v000001e0b07b4130_0 .net *"_ivl_70", 1 0, L_000001e0b0820280;  1 drivers
v000001e0b07b4e50_0 .net *"_ivl_75", 5 0, L_000001e0b07b86a0;  1 drivers
L_000001e0b08202c8 .functor BUFT 1, C4<000000>, C4<0>, C4<0>, C4<0>;
v000001e0b07b4ef0_0 .net/2u *"_ivl_76", 5 0, L_000001e0b08202c8;  1 drivers
L_000001e0b08200d0 .functor BUFT 1, C4<00>, C4<0>, C4<0>, C4<0>;
v000001e0b07b44f0_0 .net *"_ivl_8", 1 0, L_000001e0b08200d0;  1 drivers
v000001e0b07b5cb0_0 .net *"_ivl_81", 5 0, L_000001e0b07b7b60;  1 drivers
L_000001e0b0820310 .functor BUFT 1, C4<000010>, C4<0>, C4<0>, C4<0>;
v000001e0b07b4bd0_0 .net/2u *"_ivl_82", 5 0, L_000001e0b0820310;  1 drivers
v000001e0b07b4770_0 .net *"_ivl_87", 5 0, L_000001e0b07b7f20;  1 drivers
L_000001e0b0820358 .functor BUFT 1, C4<000100>, C4<0>, C4<0>, C4<0>;
v000001e0b07b41d0_0 .net/2u *"_ivl_88", 5 0, L_000001e0b0820358;  1 drivers
v000001e0b07b4c70_0 .net *"_ivl_93", 5 0, L_000001e0b07b7c00;  1 drivers
L_000001e0b08203a0 .functor BUFT 1, C4<100011>, C4<0>, C4<0>, C4<0>;
v000001e0b07b57b0_0 .net/2u *"_ivl_94", 5 0, L_000001e0b08203a0;  1 drivers
v000001e0b07b4630_0 .net *"_ivl_99", 5 0, L_000001e0b07b7fc0;  1 drivers
v000001e0b07b5350_0 .net "alu_control", 3 0, L_000001e0b07caf80;  1 drivers
v000001e0b07b5ad0_0 .net "alu_input_2", 31 0, L_000001e0b07b7660;  1 drivers
v000001e0b07b4090_0 .net "alu_op", 1 0, L_000001e0b07ca300;  1 drivers
v000001e0b07b46d0_0 .var "alu_result", 31 0;
v000001e0b07b53f0_0 .net "alu_src", 0 0, L_000001e0b07c9400;  1 drivers
v000001e0b07b4d10_0 .net "branch", 0 0, L_000001e0b07b81a0;  1 drivers
v000001e0b07b4db0_0 .net "clk", 0 0, v000001e0b07b84c0_0;  1 drivers
v000001e0b07b5990_0 .net "instruction", 31 0, L_000001e0b07576a0;  1 drivers
v000001e0b07b4f90_0 .net "jump", 0 0, L_000001e0b07b8600;  1 drivers
v000001e0b07b5170_0 .net "mem_read", 0 0, L_000001e0b07b7ca0;  1 drivers
v000001e0b07b5d50_0 .net "mem_read_data", 31 0, L_000001e0b0757a20;  1 drivers
v000001e0b07b5850_0 .net "mem_to_reg", 0 0, L_000001e0b07b8060;  1 drivers
v000001e0b07b58f0_0 .net "mem_write", 0 0, L_000001e0b07cac60;  1 drivers
v000001e0b07b5df0 .array "memory", 0 1023, 31 0;
v000001e0b07b5f30_0 .var "pc", 31 0;
v000001e0b07b89c0_0 .net "pc_branch", 31 0, L_000001e0b07b8e20;  1 drivers
v000001e0b07b7200_0 .net "pc_jump", 31 0, L_000001e0b07b8f60;  1 drivers
v000001e0b07b8880_0 .net "pc_next", 31 0, L_000001e0b07b8740;  1 drivers
v000001e0b07b82e0_0 .net "pc_plus_4", 31 0, L_000001e0b07b8d80;  1 drivers
v000001e0b07b8ba0_0 .net "read_data_1", 31 0, L_000001e0b0757be0;  1 drivers
v000001e0b07b87e0_0 .net "read_data_2", 31 0, L_000001e0b0757c50;  1 drivers
v000001e0b07b7d40_0 .net "reg_dst", 0 0, L_000001e0b07b8920;  1 drivers
v000001e0b07b70c0 .array "reg_file", 0 31, 31 0;
v000001e0b07b75c0_0 .net "reg_write", 0 0, L_000001e0b0757ef0;  1 drivers
v000001e0b07b8b00_0 .net "reset", 0 0, v000001e0b07b8ce0_0;  1 drivers
v000001e0b07b8420_0 .net "sign_extend", 31 0, L_000001e0b07c9540;  1 drivers
v000001e0b07b8c40_0 .net "write_data", 31 0, L_000001e0b07b7700;  1 drivers
v000001e0b07b7160_0 .net "zero", 0 0, L_000001e0b07b77a0;  1 drivers
E_000001e0b07530c0 .event posedge, v000001e0b07b4db0_0;
E_000001e0b07534c0 .event anyedge, v000001e0b07b5350_0, v000001e0b07b8ba0_0, v000001e0b07b5ad0_0;
E_000001e0b0753000 .event posedge, v000001e0b07b8b00_0, v000001e0b07b4db0_0;
L_000001e0b07b8d80 .arith/sum 32, v000001e0b07b5f30_0, L_000001e0b0820088;
L_000001e0b07b8100 .part L_000001e0b07c9540, 0, 30;
L_000001e0b07b8ec0 .concat [ 2 30 0 0], L_000001e0b08200d0, L_000001e0b07b8100;
L_000001e0b07b8e20 .arith/sum 32, L_000001e0b07b8d80, L_000001e0b07b8ec0;
L_000001e0b07b8a60 .part L_000001e0b07b8d80, 28, 4;
L_000001e0b07b8560 .part L_000001e0b07576a0, 0, 26;
L_000001e0b07b8f60 .concat [ 2 26 4 0], L_000001e0b0820118, L_000001e0b07b8560, L_000001e0b07b8a60;
L_000001e0b07b7840 .functor MUXZ 32, L_000001e0b07b8d80, L_000001e0b07b8e20, L_000001e0b07579b0, C4<>;
L_000001e0b07b8740 .functor MUXZ 32, L_000001e0b07b7840, L_000001e0b07b8f60, L_000001e0b07b8600, C4<>;
L_000001e0b07b72a0 .array/port v000001e0b07b5df0, L_000001e0b07b7a20;
L_000001e0b07b7340 .part v000001e0b07b5f30_0, 2, 30;
L_000001e0b07b7a20 .concat [ 30 2 0 0], L_000001e0b07b7340, L_000001e0b0820160;
L_000001e0b07b7700 .functor MUXZ 32, v000001e0b07b46d0_0, L_000001e0b0757a20, L_000001e0b07b8060, C4<>;
L_000001e0b07b7de0 .array/port v000001e0b07b70c0, L_000001e0b07b73e0;
L_000001e0b07b78e0 .part L_000001e0b07576a0, 21, 5;
L_000001e0b07b73e0 .concat [ 5 2 0 0], L_000001e0b07b78e0, L_000001e0b08201a8;
L_000001e0b07b7480 .array/port v000001e0b07b70c0, L_000001e0b07b8380;
L_000001e0b07b7520 .part L_000001e0b07576a0, 16, 5;
L_000001e0b07b8380 .concat [ 5 2 0 0], L_000001e0b07b7520, L_000001e0b08201f0;
L_000001e0b07b7660 .functor MUXZ 32, L_000001e0b0757c50, L_000001e0b07c9540, L_000001e0b07c9400, C4<>;
L_000001e0b07b77a0 .cmp/eq 32, v000001e0b07b46d0_0, L_000001e0b0820238;
L_000001e0b07b7980 .array/port v000001e0b07b5df0, L_000001e0b07b7e80;
L_000001e0b07b7ac0 .part v000001e0b07b46d0_0, 2, 30;
L_000001e0b07b7e80 .concat [ 30 2 0 0], L_000001e0b07b7ac0, L_000001e0b0820280;
L_000001e0b07b86a0 .part L_000001e0b07576a0, 26, 6;
L_000001e0b07b8920 .cmp/eq 6, L_000001e0b07b86a0, L_000001e0b08202c8;
L_000001e0b07b7b60 .part L_000001e0b07576a0, 26, 6;
L_000001e0b07b8600 .cmp/eq 6, L_000001e0b07b7b60, L_000001e0b0820310;
L_000001e0b07b7f20 .part L_000001e0b07576a0, 26, 6;
L_000001e0b07b81a0 .cmp/eq 6, L_000001e0b07b7f20, L_000001e0b0820358;
L_000001e0b07b7c00 .part L_000001e0b07576a0, 26, 6;
L_000001e0b07b7ca0 .cmp/eq 6, L_000001e0b07b7c00, L_000001e0b08203a0;
L_000001e0b07b7fc0 .part L_000001e0b07576a0, 26, 6;
L_000001e0b07b8060 .cmp/eq 6, L_000001e0b07b7fc0, L_000001e0b08203e8;
L_000001e0b07b8240 .part L_000001e0b07576a0, 26, 6;
L_000001e0b07cac60 .cmp/eq 6, L_000001e0b07b8240, L_000001e0b0820430;
L_000001e0b07c9b80 .part L_000001e0b07576a0, 26, 6;
L_000001e0b07c9400 .cmp/ne 6, L_000001e0b07c9b80, L_000001e0b0820478;
L_000001e0b07ca260 .part L_000001e0b07576a0, 26, 6;
L_000001e0b07c94a0 .cmp/eq 6, L_000001e0b07ca260, L_000001e0b08204c0;
L_000001e0b07c9f40 .part L_000001e0b07576a0, 26, 6;
L_000001e0b07c9720 .cmp/eq 6, L_000001e0b07c9f40, L_000001e0b0820508;
L_000001e0b07c97c0 .part L_000001e0b07576a0, 26, 6;
L_000001e0b07ca9e0 .cmp/eq 6, L_000001e0b07c97c0, L_000001e0b0820550;
L_000001e0b07c9ea0 .part L_000001e0b07576a0, 26, 6;
L_000001e0b07c9fe0 .cmp/eq 6, L_000001e0b07c9ea0, L_000001e0b08205e0;
L_000001e0b07cabc0 .functor MUXZ 2, L_000001e0b0820670, L_000001e0b0820628, L_000001e0b07c9fe0, C4<>;
L_000001e0b07ca300 .functor MUXZ 2, L_000001e0b07cabc0, L_000001e0b0820598, L_000001e0b07ca9e0, C4<>;
L_000001e0b07c9860 .cmp/eq 2, L_000001e0b07ca300, L_000001e0b08206b8;
L_000001e0b07c9cc0 .cmp/eq 2, L_000001e0b07ca300, L_000001e0b0820748;
L_000001e0b07c9c20 .part L_000001e0b07576a0, 0, 6;
L_000001e0b07cab20 .cmp/eq 6, L_000001e0b07c9c20, L_000001e0b08207d8;
L_000001e0b07cad00 .part L_000001e0b07576a0, 0, 6;
L_000001e0b07c9900 .cmp/eq 6, L_000001e0b07cad00, L_000001e0b0820868;
L_000001e0b07cada0 .part L_000001e0b07576a0, 0, 6;
L_000001e0b07cae40 .cmp/eq 6, L_000001e0b07cada0, L_000001e0b08208f8;
L_000001e0b07c9220 .part L_000001e0b07576a0, 0, 6;
L_000001e0b07c9ae0 .cmp/eq 6, L_000001e0b07c9220, L_000001e0b0820988;
L_000001e0b07ca800 .part L_000001e0b07576a0, 0, 6;
L_000001e0b07c92c0 .cmp/eq 6, L_000001e0b07ca800, L_000001e0b0820a18;
L_000001e0b07ca8a0 .functor MUXZ 4, L_000001e0b0820aa8, L_000001e0b0820a60, L_000001e0b07c92c0, C4<>;
L_000001e0b07c9360 .functor MUXZ 4, L_000001e0b07ca8a0, L_000001e0b08209d0, L_000001e0b07c9ae0, C4<>;
L_000001e0b07caee0 .functor MUXZ 4, L_000001e0b07c9360, L_000001e0b0820940, L_000001e0b07cae40, C4<>;
L_000001e0b07c99a0 .functor MUXZ 4, L_000001e0b07caee0, L_000001e0b08208b0, L_000001e0b07c9900, C4<>;
L_000001e0b07c9680 .functor MUXZ 4, L_000001e0b07c99a0, L_000001e0b0820820, L_000001e0b07cab20, C4<>;
L_000001e0b07c95e0 .functor MUXZ 4, L_000001e0b07c9680, L_000001e0b0820790, L_000001e0b07c9cc0, C4<>;
L_000001e0b07caf80 .functor MUXZ 4, L_000001e0b07c95e0, L_000001e0b0820700, L_000001e0b07c9860, C4<>;
L_000001e0b07c90e0 .part L_000001e0b07576a0, 15, 1;
LS_000001e0b07c9a40_0_0 .concat [ 1 1 1 1], L_000001e0b07c90e0, L_000001e0b07c90e0, L_000001e0b07c90e0, L_000001e0b07c90e0;
LS_000001e0b07c9a40_0_4 .concat [ 1 1 1 1], L_000001e0b07c90e0, L_000001e0b07c90e0, L_000001e0b07c90e0, L_000001e0b07c90e0;
LS_000001e0b07c9a40_0_8 .concat [ 1 1 1 1], L_000001e0b07c90e0, L_000001e0b07c90e0, L_000001e0b07c90e0, L_000001e0b07c90e0;
LS_000001e0b07c9a40_0_12 .concat [ 1 1 1 1], L_000001e0b07c90e0, L_000001e0b07c90e0, L_000001e0b07c90e0, L_000001e0b07c90e0;
L_000001e0b07c9a40 .concat [ 4 4 4 4], LS_000001e0b07c9a40_0_0, LS_000001e0b07c9a40_0_4, LS_000001e0b07c9a40_0_8, LS_000001e0b07c9a40_0_12;
L_000001e0b07c9d60 .part L_000001e0b07576a0, 0, 16;
L_000001e0b07c9540 .concat [ 16 16 0 0], L_000001e0b07c9d60, L_000001e0b07c9a40;
    .scope S_000001e0b0744b30;
T_0 ;
    %wait E_000001e0b0753000;
    %load/vec4 v000001e0b07b8b00_0;
    %flag_set/vec4 8;
    %jmp/0xz  T_0.0, 8;
    %pushi/vec4 0, 0, 32;
    %assign/vec4 v000001e0b07b5f30_0, 0;
    %jmp T_0.1;
T_0.0 ;
    %load/vec4 v000001e0b07b8880_0;
    %assign/vec4 v000001e0b07b5f30_0, 0;
T_0.1 ;
    %jmp T_0;
    .thread T_0;
    .scope S_000001e0b0744b30;
T_1 ;
    %wait E_000001e0b07530c0;
    %load/vec4 v000001e0b07b75c0_0;
    %flag_set/vec4 8;
    %jmp/0xz  T_1.0, 8;
    %load/vec4 v000001e0b07b8c40_0;
    %load/vec4 v000001e0b07b5990_0;
    %parti/s 5, 11, 5;
    %pad/u 7;
    %ix/vec4 3;
    %ix/load 4, 0, 0; Constant delay
    %assign/vec4/a/d v000001e0b07b70c0, 0, 4;
T_1.0 ;
    %jmp T_1;
    .thread T_1;
    .scope S_000001e0b0744b30;
T_2 ;
    %wait E_000001e0b07534c0;
    %load/vec4 v000001e0b07b5350_0;
    %dup/vec4;
    %pushi/vec4 0, 0, 4;
    %cmp/u;
    %jmp/1 T_2.0, 6;
    %dup/vec4;
    %pushi/vec4 1, 0, 4;
    %cmp/u;
    %jmp/1 T_2.1, 6;
    %dup/vec4;
    %pushi/vec4 2, 0, 4;
    %cmp/u;
    %jmp/1 T_2.2, 6;
    %dup/vec4;
    %pushi/vec4 3, 0, 4;
    %cmp/u;
    %jmp/1 T_2.3, 6;
    %dup/vec4;
    %pushi/vec4 4, 0, 4;
    %cmp/u;
    %jmp/1 T_2.4, 6;
    %pushi/vec4 0, 0, 32;
    %store/vec4 v000001e0b07b46d0_0, 0, 32;
    %jmp T_2.6;
T_2.0 ;
    %load/vec4 v000001e0b07b8ba0_0;
    %load/vec4 v000001e0b07b5ad0_0;
    %add;
    %store/vec4 v000001e0b07b46d0_0, 0, 32;
    %jmp T_2.6;
T_2.1 ;
    %load/vec4 v000001e0b07b8ba0_0;
    %load/vec4 v000001e0b07b5ad0_0;
    %sub;
    %store/vec4 v000001e0b07b46d0_0, 0, 32;
    %jmp T_2.6;
T_2.2 ;
    %load/vec4 v000001e0b07b8ba0_0;
    %load/vec4 v000001e0b07b5ad0_0;
    %and;
    %store/vec4 v000001e0b07b46d0_0, 0, 32;
    %jmp T_2.6;
T_2.3 ;
    %load/vec4 v000001e0b07b8ba0_0;
    %load/vec4 v000001e0b07b5ad0_0;
    %or;
    %store/vec4 v000001e0b07b46d0_0, 0, 32;
    %jmp T_2.6;
T_2.4 ;
    %load/vec4 v000001e0b07b8ba0_0;
    %load/vec4 v000001e0b07b5ad0_0;
    %cmp/u;
    %flag_mov 8, 5;
    %jmp/0 T_2.7, 8;
    %pushi/vec4 1, 0, 32;
    %jmp/1 T_2.8, 8;
T_2.7 ; End of true expr.
    %pushi/vec4 0, 0, 32;
    %jmp/0 T_2.8, 8;
 ; End of false expr.
    %blend;
T_2.8;
    %store/vec4 v000001e0b07b46d0_0, 0, 32;
    %jmp T_2.6;
T_2.6 ;
    %pop/vec4 1;
    %jmp T_2;
    .thread T_2, $push;
    .scope S_000001e0b0744b30;
T_3 ;
    %wait E_000001e0b07530c0;
    %load/vec4 v000001e0b07b58f0_0;
    %flag_set/vec4 8;
    %jmp/0xz  T_3.0, 8;
    %load/vec4 v000001e0b07b87e0_0;
    %load/vec4 v000001e0b07b46d0_0;
    %ix/load 4, 2, 0;
    %flag_set/imm 4, 0;
    %shiftr 4;
    %ix/vec4 3;
    %ix/load 4, 0, 0; Constant delay
    %assign/vec4/a/d v000001e0b07b5df0, 0, 4;
T_3.0 ;
    %jmp T_3;
    .thread T_3;
    .scope S_000001e0b07449a0;
T_4 ;
    %delay 5000, 0;
    %load/vec4 v000001e0b07b84c0_0;
    %inv;
    %store/vec4 v000001e0b07b84c0_0, 0, 1;
    %jmp T_4;
    .thread T_4;
    .scope S_000001e0b07449a0;
T_5 ;
    %pushi/vec4 0, 0, 1;
    %store/vec4 v000001e0b07b84c0_0, 0, 1;
    %pushi/vec4 1, 0, 1;
    %store/vec4 v000001e0b07b8ce0_0, 0, 1;
    %delay 10000, 0;
    %pushi/vec4 0, 0, 1;
    %store/vec4 v000001e0b07b8ce0_0, 0, 1;
    %delay 200000, 0;
    %vpi_call 2 27 "$stop" {0 0 0};
    %end;
    .thread T_5;
# The file index is used to find the file name in the following table.
:file_names 4;
    "N/A";
    "<interactive>";
    "tb_mips_single_cycle.v";
    "mips_single_cycle.v";
